Arguments: 
  C:\Program Files\nodejs\node.exe C:\Users\16676\AppData\Roaming\npm\node_modules\yarn\bin\yarn.js

PATH: 
  C:\Windows\system32;C:\Windows;C:\Windows\System32\Wbem;C:\Windows\System32\WindowsPowerShell\v1.0\;C:\Windows\System32\OpenSSH\;C:\Program Files (x86)\NVIDIA Corporation\PhysX\Common;C:\Program Files\Git\cmd;C:\Program Files\NVIDIA Corporation\NVIDIA NvDLISR;C:\Users\16676\AppData\Roaming\nvm;C:\Program Files\nodejs;C:\Users\16676\AppData\Local\Microsoft\WindowsApps;D:\Microsoft VS Code\bin;C:\Users\16676\AppData\Roaming\npm;C:\Users\16676\AppData\Roaming\nvm;C:\Program Files\nodejs

Yarn version: 
  1.22.19

Node version: 
  16.20.0

Platform: 
  win32 x64

Trace: 
  SyntaxError: E:\fbt\dumi\package.json: Unexpected token  in JSON at position 70
      at JSON.parse (<anonymous>)
      at C:\Users\16676\AppData\Roaming\npm\node_modules\yarn\lib\cli.js:1629:59
      at Generator.next (<anonymous>)
      at step (C:\Users\16676\AppData\Roaming\npm\node_modules\yarn\lib\cli.js:310:30)
      at C:\Users\16676\AppData\Roaming\npm\node_modules\yarn\lib\cli.js:321:13

npm manifest: 
  {
    "name": "powerful-hooks",
    "version": "0.0.1",
    "description": "More powerful React Hooks",
    "module": "dist/index.js",
    "types": "dist/index.d.ts",
    "scripts": {
      "start": "npm run dev",
      "dev": "dumi dev",
      "build": "father build",
      "build:watch": "father dev",
      "docs:build": "dumi build",
      "prepare": "husky install && dumi setup",
      "doctor": "father doctor",
      "lint": "npm run lint:es && npm run lint:css",
      "lint:css": "stylelint \"{src,test}/**/*.{css,less}\"",
      "lint:es": "eslint \"{src,test}/**/*.{js,jsx,ts,tsx}\"",
      "prepublishOnly": "father doctor && npm run build"
    },
    "authors": [
      "findzsh"
    ],
    "license": "MIT",
    "files": [
      "dist"
    ],
    "commitlint": {
      "extends": [
        "@commitlint/config-conventional"
      ]
    },
    "lint-staged": {
      "*.{md,json}": [
        "prettier --write --no-error-on-unmatched-pattern"
      ],
      "*.{css,less}": [
        "stylelint --fix",
        "prettier --write"
      ],
      "*.{js,jsx}": [
        "eslint --fix",
        "prettier --write"
      ],
      "*.{ts,tsx}": [
        "eslint --fix",
        "prettier --parser=typescript --write"
      ]
    },
    "publishConfig": {
      "access": "public"
    },
    "peerDependencies": {
      "react": ">=16.9.0",
      "react-dom": ">=16.9.0"
    },
    "devDependencies": {
      "@commitlint/cli": "^17.1.2",
      "@commitlint/config-conventional": "^17.1.0",
      "@types/react": "^18.0.0",
      "@types/react-dom": "^18.0.0",
      "@umijs/lint": "^4.0.0",
      "dumi": "^2.2.13",
      "eslint": "^8.23.0",
      "father": "^4.1.0",
      "husky": "^8.0.1",
      "lint-staged": "^13.0.3",
      "prettier": "^2.7.1",
      "prettier-plugin-organize-imports": "^3.0.0",
      "prettier-plugin-packagejson": "^2.2.18",
      "react": "^18.0.0",
      "react-dom": "^18.0.0",
      "stylelint": "^14.9.1"
    }
  }

yarn manifest: 
  No manifest

Lockfile: 
  No lockfile
